Feature: ADM cursos

  Scenario: O usuário irá logar na conta e criar um curso
    Given O usuário entra na página de login ... passed in 10.016s
    When O usuário digitar os seus dados de login ... passed in 10.894s
      """
      {
      "matricula": "20221045050443",
      "senha":"87489308Ca#"
      } 
      """
    Then O usuário entrará na página inicial e irá clicar em ADM, e depois em cursos ... passed in 2.721s
    Given O usuário entra na página de cursos ... passed in 5.326s
    When O usuário clicar no botão para criar um novo curso ... failed in 1.533s
Traceback (most recent call last):
  File "/home/cauan/Documentos/GitHub/Projeto-SysRA/venv/lib/python3.10/site-packages/behave/model.py", line 1329, in run
    match.run(runner.context)
  File "/home/cauan/Documentos/GitHub/Projeto-SysRA/venv/lib/python3.10/site-packages/behave/matchers.py", line 98, in run
    self.func(context, *args, **kwargs)
  File "features/steps/steps.py", line 90, in criarcurso
    context.pressionar_seta(None, 0, pressionar_enter=True)
  File "/home/cauan/Documentos/GitHub/Projeto-SysRA/venv/lib/python3.10/site-packages/behave/runner.py", line 321, in __getattr__
    raise AttributeError(msg)
AttributeError: 'Context' object has no attribute 'pressionar_seta'

      """
      {
      "curso": "Técnico em ADM"
      }
      """

